\BOOKMARK [1][-]{section.1}{Motivation- Introduction}{}
\BOOKMARK [1][-]{section.2}{Related Work}{}
\BOOKMARK [1][-]{section.3}{Method}{}
\BOOKMARK [2][-]{subsection.3.1}{Preprocessing}{section.3}
\BOOKMARK [3][-]{subsubsection.3.1.1}{Parsing}{subsection.3.1}
\BOOKMARK [3][-]{subsubsection.3.1.2}{Stop Words}{subsection.3.1}
\BOOKMARK [3][-]{subsubsection.3.1.3}{Stemming}{subsection.3.1}
\BOOKMARK [2][-]{subsection.3.2}{Indexing}{section.3}
\BOOKMARK [2][-]{subsection.3.3}{Query models}{section.3}
\BOOKMARK [2][-]{subsection.3.4}{Retrieval Models}{section.3}
\BOOKMARK [3][-]{subsubsection.3.4.1}{Tf.Idf}{subsection.3.4}
\BOOKMARK [3][-]{subsubsection.3.4.2}{Okapi BM25}{subsection.3.4}
\BOOKMARK [3][-]{subsubsection.3.4.3}{Language Model}{subsection.3.4}
\BOOKMARK [3][-]{subsubsection.3.4.4}{Pseudo Relevance Feedback}{subsection.3.4}
\BOOKMARK [2][-]{subsection.3.5}{Log Likelihood Ratio}{section.3}
\BOOKMARK [2][-]{subsection.3.6}{Late Data Fusion}{section.3}
\BOOKMARK [1][-]{section.4}{Experimental Design}{}
\BOOKMARK [2][-]{subsection.4.1}{Indri search engine}{section.4}
\BOOKMARK [2][-]{subsection.4.2}{Data}{section.4}
\BOOKMARK [2][-]{subsection.4.3}{Preprocessing}{section.4}
\BOOKMARK [2][-]{subsection.4.4}{Indexing}{section.4}
\BOOKMARK [2][-]{subsection.4.5}{Retrieval Systems}{section.4}
\BOOKMARK [3][-]{subsubsection.4.5.1}{LLR}{subsection.4.5}
\BOOKMARK [2][-]{subsection.4.6}{Late Data fusion}{section.4}
\BOOKMARK [1][-]{section.5}{Evaluation}{}
\BOOKMARK [1][-]{section.6}{Results}{}
\BOOKMARK [1][-]{section.7}{Proposed Architecture}{}
\BOOKMARK [1][-]{section.8}{Discussion and Conclusions}{}
\BOOKMARK [1][-]{section.9}{Future Work}{}
\BOOKMARK [1][-]{section.10}{Appendix}{}
\BOOKMARK [1][-]{section.11}{References}{}
