\BOOKMARK [1][-]{section.1}{Motivation- Introduction}{}% 1
\BOOKMARK [1][-]{section.2}{Related Work}{}% 2
\BOOKMARK [1][-]{section.3}{Method}{}% 3
\BOOKMARK [2][-]{subsection.3.1}{Preprocessing}{section.3}% 4
\BOOKMARK [3][-]{subsubsection.3.1.1}{Parsing}{subsection.3.1}% 5
\BOOKMARK [3][-]{subsubsection.3.1.2}{Stop Words}{subsection.3.1}% 6
\BOOKMARK [3][-]{subsubsection.3.1.3}{Stemming}{subsection.3.1}% 7
\BOOKMARK [2][-]{subsection.3.2}{Indexing}{section.3}% 8
\BOOKMARK [2][-]{subsection.3.3}{Query models}{section.3}% 9
\BOOKMARK [2][-]{subsection.3.4}{Retrieval Models}{section.3}% 10
\BOOKMARK [3][-]{subsubsection.3.4.1}{Tf.Idf}{subsection.3.4}% 11
\BOOKMARK [3][-]{subsubsection.3.4.2}{Okapi BM25}{subsection.3.4}% 12
\BOOKMARK [3][-]{subsubsection.3.4.3}{Language Model}{subsection.3.4}% 13
\BOOKMARK [3][-]{subsubsection.3.4.4}{Pseudo Relevance Feedback}{subsection.3.4}% 14
\BOOKMARK [2][-]{subsection.3.5}{Log Likelihood Ratio}{section.3}% 15
\BOOKMARK [2][-]{subsection.3.6}{Late Data Fusion}{section.3}% 16
\BOOKMARK [1][-]{section.4}{Evaluation}{}% 17
\BOOKMARK [1][-]{section.5}{Results}{}% 18
\BOOKMARK [1][-]{section.6}{Discussion and Conclusions}{}% 19
\BOOKMARK [1][-]{section.7}{Future Work}{}% 20
\BOOKMARK [1][-]{section.8}{Appendix}{}% 21
\BOOKMARK [1][-]{section.9}{References}{}% 22
