\BOOKMARK [0][-]{chapter.1}{Introduction}{}% 1
\BOOKMARK [0][-]{chapter.2}{Related Work}{}% 2
\BOOKMARK [1][-]{section.2.1}{Query modeling}{chapter.2}% 3
\BOOKMARK [1][-]{section.2.2}{Diversification}{chapter.2}% 4
\BOOKMARK [1][-]{section.2.3}{Data fusion}{chapter.2}% 5
\BOOKMARK [1][-]{section.2.4}{Data fusion of diversified result lists}{chapter.2}% 6
\BOOKMARK [1][-]{section.2.5}{Our contribution}{chapter.2}% 7
\BOOKMARK [0][-]{chapter.3}{Method}{}% 8
\BOOKMARK [1][-]{section.3.1}{Query modeling}{chapter.3}% 9
\BOOKMARK [2][-]{subsection.3.1.1}{Source classified fields' query models}{section.3.1}% 10
\BOOKMARK [2][-]{subsection.3.1.2}{Pseudo Relevance Feedback}{section.3.1}% 11
\BOOKMARK [2][-]{subsection.3.1.3}{Log Likelihood Ratio}{section.3.1}% 12
\BOOKMARK [1][-]{section.3.2}{Retrieval modeling}{chapter.3}% 13
\BOOKMARK [2][-]{subsection.3.2.1}{TfIdf}{section.3.2}% 14
\BOOKMARK [2][-]{subsection.3.2.2}{Okapi BM25}{section.3.2}% 15
\BOOKMARK [2][-]{subsection.3.2.3}{Probabilistic Language Modeling}{section.3.2}% 16
\BOOKMARK [1][-]{section.3.3}{Diversification}{chapter.3}% 17
\BOOKMARK [2][-]{subsection.3.3.1}{Maximal marginal relevance alternative 1}{section.3.3}% 18
\BOOKMARK [2][-]{subsection.3.3.2}{Maximal marginal relevance alternative 2}{section.3.3}% 19
\BOOKMARK [2][-]{subsection.3.3.3}{Maximal marginal relevance average last four}{section.3.3}% 20
\BOOKMARK [1][-]{section.3.4}{Late Data Fusion}{chapter.3}% 21
\BOOKMARK [1][-]{section.3.5}{Data fusion of diversified result lists}{chapter.3}% 22
\BOOKMARK [0][-]{chapter.4}{Experiment Design}{}% 23
\BOOKMARK [1][-]{section.4.1}{Data and data gathering}{chapter.4}% 24
\BOOKMARK [1][-]{section.4.2}{Results Retrieval}{chapter.4}% 25
\BOOKMARK [1][-]{section.4.3}{Our Baseline}{chapter.4}% 26
\BOOKMARK [1][-]{section.4.4}{Experiments}{chapter.4}% 27
\BOOKMARK [2][-]{subsection.4.4.1}{Query modeling}{section.4.4}% 28
\BOOKMARK [2][-]{subsection.4.4.2}{Retrieval methods}{section.4.4}% 29
\BOOKMARK [2][-]{subsection.4.4.3}{Late Data Fusion}{section.4.4}% 30
\BOOKMARK [2][-]{subsection.4.4.4}{Diversification}{section.4.4}% 31
\BOOKMARK [2][-]{subsection.4.4.5}{Data fusion of diversified result}{section.4.4}% 32
\BOOKMARK [1][-]{section.4.5}{Evaluation}{chapter.4}% 33
\BOOKMARK [2][-]{subsection.4.5.1}{Editorial Evaluation}{section.4.5}% 34
\BOOKMARK [2][-]{subsection.4.5.2}{Clicks Logs Evaluation}{section.4.5}% 35
\BOOKMARK [2][-]{subsection.4.5.3}{Measures}{section.4.5}% 36
\BOOKMARK [0][-]{chapter.5}{Results}{}% 37
\BOOKMARK [1][-]{section.5.1}{Query modeling}{chapter.5}% 38
\BOOKMARK [1][-]{section.5.2}{Retrieval modeling}{chapter.5}% 39
\BOOKMARK [1][-]{section.5.3}{LDF}{chapter.5}% 40
\BOOKMARK [1][-]{section.5.4}{Diversification}{chapter.5}% 41
\BOOKMARK [1][-]{section.5.5}{Fused diversified results}{chapter.5}% 42
\BOOKMARK [0][-]{chapter.6}{Analysis}{}% 43
\BOOKMARK [1][-]{section.6.1}{Stemming experiment}{chapter.6}% 44
\BOOKMARK [1][-]{section.6.2}{Query modeling}{chapter.6}% 45
\BOOKMARK [1][-]{section.6.3}{Retrieval methods}{chapter.6}% 46
\BOOKMARK [1][-]{section.6.4}{Late Data Fusion experiments}{chapter.6}% 47
\BOOKMARK [1][-]{section.6.5}{Diversification experiments}{chapter.6}% 48
\BOOKMARK [0][-]{chapter.7}{Conclusion and Future work}{}% 49
\BOOKMARK [0][-]{chapter.8}{Appendix}{}% 50
\BOOKMARK [1][-]{section.8.1}{Query modeling}{chapter.8}% 51
\BOOKMARK [1][-]{section.8.2}{Late Data Fusion}{chapter.8}% 52
\BOOKMARK [1][-]{section.8.3}{Diversification}{chapter.8}% 53
\BOOKMARK [1][-]{section.8.4}{Data fusion of diversified result lists}{chapter.8}% 54
